
Session length: 12:43:24
Games: 172
Avg Game Length: 00:06:09
╭─────┬────┬───┬───┬────┬────╮
│ Run │ I  │ C │ D │ MD │ F  │
├─────┼────┼───┼───┼────┼────┤
│ Dia │ 18 │ 1 │ 0 │ 2  │ 83 │
├─────┼────┼───┼───┼────┼────┤
│  T  │ 18 │ 1 │ 0 │ 2  │ 83 │
╰─────┴────┴───┴───┴────┴────╯

Items:
  Dia:
    uniq_weapon_felloak
    uniq_misc_rainbow_facet
    uniq_weapon_dragonchang
    uniq_lenymo
    gray_armor_balrog
    uniq_misc_rings
    gray_armor_balrog
    uniq_weapon_knellstriker
    uniq_weapon_felloak
    rune_30_ber
    uniq_misc_rainbow_facet
    gray_armor_sacred_armor
    uniq_weapon_spireofhonor
    gray_armor_sacred_armor
    uniq_misc_rings
    uniq_hotspur
    uniq_weapon_felloak
    uniq_weapon_felloak