
Session length: 06:38:19
Games: 52
Avg Game Length: 00:08:18
╭─────┬────┬───┬───┬────┬───╮
│ Run │ I  │ C │ D │ MD │ F │
├─────┼────┼───┼───┼────┼───┤
│ Dia │ 20 │ 0 │ 0 │ 4  │ 7 │
├─────┼────┼───┼───┼────┼───┤
│  T  │ 20 │ 0 │ 0 │ 4  │ 7 │
╰─────┴────┴───┴───┴────┴───╯

Items:
  Dia:
    uniq_misc_amulets
    uniq_rune_master
    set_hsarus_belt
    set_hsarus_belt
    set_hsarus_belt
    uniq_weapon_the_cranium_basher
    uniq_weapon_stonecrusher
    uniq_weapon_iron_jang_bong
    rune_10_thul
    rune_7_tal
    rune_10_thul
    rune_7_tal
    rune_9_ort
    uniq_hotspur
    rune_11_amn
    rune_11_amn
    uniq_weapon_the_reaper_toll
    rare_ring
    gray_armor_sacred_armor
    rune_10_thul