
Session length: 09:15:41
Games: 765
Avg Game Length: 00:00:43
╭────────┬───────┬─────────┬───────┬────────────┬─────────────╮
│  Run   │ Items │ Chicken │ Death │ Merc Death │ Failed Runs │
├────────┼───────┼─────────┼───────┼────────────┼─────────────┤
│ Pindle │  49   │    0    │   0   │     0      │      0      │
├────────┼───────┼─────────┼───────┼────────────┼─────────────┤
│ Total  │  49   │    0    │   0   │     0      │      0      │
╰────────┴───────┴─────────┴───────┴────────────┴─────────────╯

Items:
  Pindle:
    rare_ring
    rare_ring
    rare_ring
    magic_grand_charm
    magic_jewel
    magic_small_charm
    rare_ring
    rare_amulet
    rare_ring
    rare_jewel
    magic_grand_charm
    magic_grand_charm
    rare_ring
    rare_jewel
    uniq_gloves_lava_gout
    set_milabregas_shield
    rare_ring
    gray_armor_archon_plate
    magic_grand_charm
    uniq_misc_rings
    magic_jewel
    rare_amulet
    rare_ring
    rare_circlet
    magic_small_charm
    rare_ring
    magic_grand_charm
    set_griswolds_scepter
    magic_grand_charm
    magic_grand_charm
    rare_ring
    magic_grand_charm
    rare_jewel
    magic_grand_charm
    magic_small_charm
    rune_19_fal
    set_milabregas_shield
    magic_jewel
    rare_amulet
    magic_small_charm
    magic_grand_charm
    magic_jewel
    rare_diadem
    rare_ring
    set_mavinas_true_sight
    magic_grand_charm
    set_griswolds_scepter
    rare_amulet
    magic_jewel