
Session length: 10:54:48
Games: 798
Avg Game Length: 00:00:49
╭────────┬───────┬─────────┬───────┬────────────┬─────────────╮
│  Run   │ Items │ Chicken │ Death │ Merc Death │ Failed Runs │
├────────┼───────┼─────────┼───────┼────────────┼─────────────┤
│ Pindle │  58   │    0    │   0   │     0      │      0      │
├────────┼───────┼─────────┼───────┼────────────┼─────────────┤
│ Total  │  58   │    0    │   0   │     0      │      0      │
╰────────┴───────┴─────────┴───────┴────────────┴─────────────╯

Items:
  Pindle:
    magic_grand_charm
    rare_tiara
    uniq_armor_iron_pelt
    gray_superior_crystal_sword
    magic_grand_charm
    uniq_misc_amulets
    set_tal_rasha_guardianship
    rare_ring
    rare_ring
    magic_jewel
    rare_circlet
    magic_small_charm
    rare_amulet
    rare_ring
    rare_ring
    uniq_armor_black_hades
    rare_jewel
    magic_jewel
    rare_ring
    rare_jewel
    magic_jewel
    uniq_misc_rings
    magic_grand_charm
    set_mavinas_caster
    rare_amulet
    rare_ring
    magic_small_charm
    rare_ring
    uniq_misc_rings
    rare_tiara
    rare_circlet
    uniq_weapon_lycanders_aim
    rare_amulet
    rare_ring
    uniq_lenymo
    set_aldurs_armor
    magic_jewel
    magic_grand_charm
    uniq_misc_rings
    rare_jewel
    magic_small_charm
    rare_ring
    rare_coronet
    rare_ring
    rare_ring
    magic_small_charm
    rare_ring
    rare_ring
    magic_jewel
    rare_amulet
    magic_jewel
    magic_grand_charm
    rare_amulet
    magic_small_charm
    magic_small_charm
    rare_ring
    magic_jewel
    magic_grand_charm