
Session length: 12:08:46
Games: 992
Avg Game Length: 00:00:44
╭────────┬───────┬─────────┬───────┬────────────┬─────────────╮
│  Run   │ Items │ Chicken │ Death │ Merc Death │ Failed Runs │
├────────┼───────┼─────────┼───────┼────────────┼─────────────┤
│ Pindle │  76   │    0    │   0   │     0      │      0      │
├────────┼───────┼─────────┼───────┼────────────┼─────────────┤
│ Total  │  76   │    0    │   0   │     0      │      0      │
╰────────┴───────┴─────────┴───────┴────────────┴─────────────╯

Items:
  Pindle:
    magic_small_charm
    uniq_helm_valkyrie_wing
    set_mavinas_armor
    rare_coronet
    rare_tiara
    rare_jewel
    magic_grand_charm
    set_mavinas_caster
    rare_ring
    rare_jewel
    rare_ring
    magic_grand_charm
    uniq_misc_amulets
    rare_ring
    rare_amulet
    rare_coronet
    rare_ring
    magic_jewel
    rare_amulet
    magic_grand_charm
    uniq_hand_of_blessed_light
    uniq_weapon_ondal_wisdom
    rare_amulet
    magic_small_charm
    rare_amulet
    rare_amulet
    uniq_armor_black_hades
    set_misc_amulets
    rare_ring
    magic_grand_charm
    magic_grand_charm
    magic_small_charm
    magic_grand_charm
    set_misc_amulets
    magic_small_charm
    rare_coronet
    magic_small_charm
    magic_grand_charm
    rare_amulet
    magic_small_charm
    rare_ring
    magic_small_charm
    rare_jewel
    rare_ring
    rare_ring
    rare_jewel
    rare_amulet
    uniq_weapon_lacerator
    set_mavinas_armor
    rare_ring
    magic_grand_charm
    uniq_hotspur
    rare_amulet
    rare_jewel
    rare_amulet
    magic_small_charm
    magic_small_charm
    rare_amulet
    white_superior_wire_fleece
    magic_small_charm
    uniq_misc_rainbow_facet
    rare_circlet
    rare_amulet
    magic_grand_charm
    magic_small_charm
    magic_grand_charm
    magic_jewel
    magic_jewel
    rare_circlet
    rare_amulet
    rare_circlet
    rare_ring
    set_immortal_king_soul_cage
    rare_ring
    magic_grand_charm
    uniq_misc_amulets