
Session length: 08:09:38
Games: 572
Avg Game Length: 00:00:51
╭────────┬───────┬─────────┬───────┬────────────┬─────────────╮
│  Run   │ Items │ Chicken │ Death │ Merc Death │ Failed Runs │
├────────┼───────┼─────────┼───────┼────────────┼─────────────┤
│ Pindle │  28   │    0    │   0   │     0      │      0      │
├────────┼───────┼─────────┼───────┼────────────┼─────────────┤
│ Total  │  28   │    0    │   0   │     0      │      0      │
╰────────┴───────┴─────────┴───────┴────────────┴─────────────╯

Items:
  Pindle:
    rune_19_fal
    rune_19_fal
    magic_small_charm
    magic_small_charm
    rare_circlet
    rare_coronet
    uniq_armor_crow_caw
    rare_jewel
    set_misc_amulets
    uniq_gloves_dracul_grasp
    rare_jewel
    magic_small_charm
    rare_circlet
    uniq_helm_arreat_face
    magic_small_charm
    magic_small_charm
    magic_small_charm
    rare_jewel
    magic_small_charm
    set_trang_oul_helm
    rare_jewel
    rare_jewel
    rare_jewel
    magic_small_charm
    set_misc_amulets
    set_trang-oul_girth
    magic_small_charm
    magic_small_charm