
Session length: 01:28:11
Games: 35
Avg Game Length: 00:02:50
╭──────┬───┬───┬───┬────┬────╮
│ Run  │ I │ C │ D │ MD │ F  │
├──────┼───┼───┼───┼────┼────┤
│ Eld  │ 0 │ 0 │ 0 │ 0  │ 0  │
├──────┼───┼───┼───┼────┼────┤
│ Shk  │ 3 │ 0 │ 0 │ 1  │ 0  │
├──────┼───┼───┼───┼────┼────┤
│ Nihl │ 1 │ 0 │ 0 │ 0  │ 25 │
├──────┼───┼───┼───┼────┼────┤
│  T   │ 4 │ 0 │ 0 │ 1  │ 25 │
╰──────┴───┴───┴───┴────┴────╯

Items:
  Eld:
  Shk:
    magic_small_charm
    uniq_demonhorns_edge
    magic_small_charm
  Nihl:
    rune_32_cham