
Session length: 05:19:28
Games: 433
Avg Game Length: 00:00:44
╭────────┬───────┬─────────┬───────┬────────────┬─────────────╮
│  Run   │ Items │ Chicken │ Death │ Merc Death │ Failed Runs │
├────────┼───────┼─────────┼───────┼────────────┼─────────────┤
│ Pindle │  35   │    0    │   0   │     0      │      0      │
├────────┼───────┼─────────┼───────┼────────────┼─────────────┤
│ Total  │  35   │    0    │   0   │     0      │      0      │
╰────────┴───────┴─────────┴───────┴────────────┴─────────────╯

Items:
  Pindle:
    uniq_que_hagens_wisdom
    magic_grand_charm
    magic_small_charm
    magic_small_charm
    rare_circlet
    magic_small_charm
    magic_grand_charm
    rare_ring
    rare_ring
    magic_grand_charm
    magic_grand_charm
    rare_circlet
    rare_jewel
    rare_jewel
    rare_ring
    gray_weapon_thresher
    uniq_helm_nightwing_veil
    set_mavinas_belt
    uniq_belt_nosferatus_coil
    magic_jewel
    uniq_armor_ormus_robes
    rare_ring
    white_superior_archon_plate
    magic_jewel
    rare_coronet
    magic_grand_charm
    rare_circlet
    uniq_armor_ormus_robes
    magic_small_charm
    magic_small_charm
    magic_grand_charm
    magic_jewel
    rare_ring
    rare_ring
    magic_jewel