
Session length: 09:14:32
Games: 732
Avg Game Length: 00:00:45
╭─────┬────┬───┬───┬────┬───╮
│ Run │ I  │ C │ D │ MD │ F │
├─────┼────┼───┼───┼────┼───┤
│ Pin │ 19 │ 0 │ 0 │ 2  │ 0 │
├─────┼────┼───┼───┼────┼───┤
│  T  │ 19 │ 0 │ 0 │ 2  │ 0 │
╰─────┴────┴───┴───┴────┴───╯

Items:
  Pin:
    magic_small_charm
    rare_jewel
    rare_jewel
    uniq_weapon_eschuta_temper
    white_greater_talons
    magic_small_charm
    uniq_helm_harlequin_crest
    set_misc_amulets
    rune_21_pul
    magic_small_charm
    rare_jewel
    rare_jewel
    rare_jewel
    gray_armor_dusk_shroud
    magic_small_charm
    magic_small_charm
    rare_jewel
    magic_small_charm
    uniq_helm_vampire_gaze