
Session length: 01:14:46
Games: 28
Avg Game Length: 00:02:49
╭──────┬───┬───┬───┬────┬────╮
│ Run  │ I │ C │ D │ MD │ F  │
├──────┼───┼───┼───┼────┼────┤
│ Eld  │ 0 │ 0 │ 0 │ 0  │ 0  │
├──────┼───┼───┼───┼────┼────┤
│ Shk  │ 2 │ 0 │ 0 │ 0  │ 0  │
├──────┼───┼───┼───┼────┼────┤
│ Nihl │ 1 │ 1 │ 0 │ 0  │ 11 │
├──────┼───┼───┼───┼────┼────┤
│  T   │ 3 │ 1 │ 0 │ 0  │ 11 │
╰──────┴───┴───┴───┴────┴────╯

Items:
  Eld:
  Shk:
    uniq_weapon_lightsabre
    magic_small_charm
  Nihl:
    set_misc_amulets