
Session length: 12:16:41
Games: 1006
Avg Game Length: 00:00:43
╭────────┬───────┬─────────┬───────┬────────────┬─────────────╮
│  Run   │ Items │ Chicken │ Death │ Merc Death │ Failed Runs │
├────────┼───────┼─────────┼───────┼────────────┼─────────────┤
│ Pindle │  77   │    0    │   0   │     0      │      1      │
├────────┼───────┼─────────┼───────┼────────────┼─────────────┤
│ Total  │  77   │    0    │   0   │     0      │      1      │
╰────────┴───────┴─────────┴───────┴────────────┴─────────────╯

Items:
  Pindle:
    rare_ring
    magic_small_charm
    rare_circlet
    set_trang-oul_claws
    magic_grand_charm
    magic_jewel
    magic_small_charm
    magic_jewel
    uniq_misc_rings
    rare_amulet
    magic_jewel
    rare_swirling_crystal
    magic_small_charm
    rare_ring
    rare_jareds_stone
    rare_ring
    rare_circlet
    uniq_misc_rings
    rare_ring
    rare_ring
    magic_small_charm
    rare_ring
    magic_grand_charm
    rare_jewel
    uniq_misc_amulets
    rare_ring
    rare_swirling_crystal
    rare_coronet
    rare_amulet
    gray_helm_demonhead
    rare_ring
    rare_ring
    rare_coronet
    rare_amulet
    uniq_hand_of_blessed_light
    magic_jewel
    rare_amulet
    magic_small_charm
    magic_small_charm
    magic_jewel
    rare_ring
    magic_grand_charm
    rare_jewel
    rare_ring
    rare_jewel
    rare_jewel
    magic_grand_charm
    rare_swirling_crystal
    rare_amulet
    magic_small_charm
    magic_small_charm
    magic_small_charm
    rare_ring
    rare_circlet
    rare_ring
    rare_ring
    rare_circlet
    magic_small_charm
    magic_small_charm
    magic_grand_charm
    set_trang_oul_helm
    magic_grand_charm
    set_misc_amulets
    magic_grand_charm
    magic_jewel
    rare_circlet
    magic_grand_charm
    rune_25_gul
    rare_amulet
    rare_tiara
    rare_amulet
    magic_small_charm
    rare_amulet
    rare_ring
    rare_ring
    rare_amulet
    rare_ring