
Session length: 11:08:43
Games: 77
Avg Game Length: 00:10:18
╭─────┬────┬───┬───┬────┬────╮
│ Run │ I  │ C │ D │ MD │ F  │
├─────┼────┼───┼───┼────┼────┤
│ Dia │ 27 │ 2 │ 0 │ 5  │ 29 │
├─────┼────┼───┼───┼────┼────┤
│  T  │ 27 │ 2 │ 0 │ 5  │ 29 │
╰─────┴────┴───┴───┴────┴────╯

Items:
  Dia:
    uniq_hotspur
    uniq_hotspur
    rune_7_tal
    rare_ring
    uniq_lenymo
    rune_10_thul
    rune_7_tal
    uniq_offhand_boneflame
    rune_7_tal
    rune_7_tal
    rune_7_tal
    rune_10_thul
    rare_ring
    rune_11_amn
    uniq_weapon_felloak
    set_misc_amulets
    uniq_weapon_knellstriker
    rune_15_hel
    rune_10_thul
    rune_11_amn
    rune_11_amn
    rune_10_thul
    rune_11_amn
    set_tal_rasha_guardianship
    rune_9_ort
    rune_9_ort
    rune_7_tal