
Session length: 12:53:47
Games: 155
Avg Game Length: 00:05:29
╭─────┬───┬───┬───┬────┬────╮
│ Run │ I │ C │ D │ MD │ F  │
├─────┼───┼───┼───┼────┼────┤
│ Dia │ 9 │ 0 │ 0 │ 3  │ 30 │
├─────┼───┼───┼───┼────┼────┤
│  T  │ 9 │ 0 │ 0 │ 3  │ 30 │
╰─────┴───┴───┴───┴────┴────╯

Items:
  Dia:
    rune_26_vex
    uniq_helm_harlequin_crest
    uniq_weapon_ribcracker
    uniq_helm_nightwing_veil
    uniq_helm_andariel_visage
    uniq_hotspur
    uniq_misc_amulets
    uniq_helm_crown_of_ages
    uniq_misc_rings