
Session length: 21:18:19
Games: 936
Avg Game Length: 00:01:22
╭──────┬────┬────┬───┬────┬───╮
│ Run  │ I  │ C  │ D │ MD │ F │
├──────┼────┼────┼───┼────┼───┤
│ Trav │ 30 │ 19 │ 8 │ 0  │ 4 │
├──────┼────┼────┼───┼────┼───┤
│  T   │ 30 │ 19 │ 8 │ 0  │ 4 │
╰──────┴────┴────┴───┴────┴───╯

Items:
  Trav:
    uniq_offhand_stormchaser
    uniq_misc_rainbow_facet
    rare_jewel
    rare_jewel
    uniq_misc_rings
    rare_jewel
    uniq_misc_amulets
    uniq_helm_arreat_face
    rune_29_sur
    rare_jewel
    uniq_misc_amulets
    rune_21_pul
    uniq_misc_rings
    rare_jewel
    rare_jewel
    uniq_hotspur
    rare_jewel
    rune_24_ist
    uniq_weapon_titan_revenge
    rare_jewel
    rare_jewel
    uniq_hotspur
    uniq_misc_amulets
    rare_jewel
    rune_21_pul
    uniq_misc_amulets
    rare_jewel
    rare_jewel
    rare_jewel
    rare_jewel