
Session length: 09:16:59
Games: 110
Avg Game Length: 00:05:50
╭─────┬────┬───┬───┬────┬────╮
│ Run │ I  │ C │ D │ MD │ F  │
├─────┼────┼───┼───┼────┼────┤
│ Dia │ 19 │ 0 │ 0 │ 1  │ 39 │
├─────┼────┼───┼───┼────┼────┤
│  T  │ 19 │ 0 │ 0 │ 1  │ 39 │
╰─────┴────┴───┴───┴────┴────╯

Items:
  Dia:
    uniq_weapon_dragonchang
    uniq_belt_arachnid_mesh
    set_misc_amulets
    set_hsarus_belt
    uniq_weapon_ribcracker
    uniq_hotspur
    uniq_weapon_dragonchang
    set_misc_amulets
    uniq_weapon_felloak
    rune_24_ist
    set_hsarus_belt
    uniq_hotspur
    set_hsarus_belt
    set_misc_amulets
    set_misc_amulets
    uniq_hotspur
    uniq_weapon_honesundan
    uniq_misc_rainbow_facet
    set_hsarus_belt