
Session length: 02:56:54
Games: 75
Avg Game Length: 00:02:23
╭──────┬───┬───┬───┬────┬───╮
│ Run  │ I │ C │ D │ MD │ F │
├──────┼───┼───┼───┼────┼───┤
│ Eld  │ 0 │ 0 │ 0 │ 0  │ 0 │
├──────┼───┼───┼───┼────┼───┤
│ Shk  │ 1 │ 0 │ 0 │ 0  │ 3 │
├──────┼───┼───┼───┼────┼───┤
│ Nihl │ 2 │ 4 │ 1 │ 1  │ 1 │
├──────┼───┼───┼───┼────┼───┤
│  T   │ 3 │ 4 │ 1 │ 1  │ 4 │
╰──────┴───┴───┴───┴────┴───╯

Items:
  Eld:
  Shk:
    uniq_misc_rings
  Nihl:
    gray_weapon_thresher
    gray_weapon_thresher