
Session length: 10:49:46
Games: 81
Avg Game Length: 00:09:24
╭─────┬────┬───┬───┬────┬────╮
│ Run │ I  │ C │ D │ MD │ F  │
├─────┼────┼───┼───┼────┼────┤
│ Dia │ 10 │ 1 │ 0 │ 6  │ 19 │
├─────┼────┼───┼───┼────┼────┤
│  T  │ 10 │ 1 │ 0 │ 6  │ 19 │
╰─────┴────┴───┴───┴────┴────╯

Items:
  Dia:
    rune_24_ist
    uniq_misc_rainbow_facet
    rare_ring
    uniq_misc_rings
    rare_ring
    rare_ring
    uniq_weapon_titan_revenge
    uniq_weapon_death_cleaver
    rare_ring
    rare_ring