
Session length: 02:58:31
Games: 242
Avg Game Length: 00:00:44
╭────────┬───────┬─────────┬───────┬────────────┬─────────────╮
│  Run   │ Items │ Chicken │ Death │ Merc Death │ Failed Runs │
├────────┼───────┼─────────┼───────┼────────────┼─────────────┤
│ Pindle │  23   │    0    │   0   │     0      │      0      │
├────────┼───────┼─────────┼───────┼────────────┼─────────────┤
│ Total  │  23   │    0    │   0   │     0      │      0      │
╰────────┴───────┴─────────┴───────┴────────────┴─────────────╯

Items:
  Pindle:
    rare_amulet
    rare_ring
    rare_amulet
    magic_small_charm
    magic_small_charm
    rare_amulet
    magic_grand_charm
    rare_ring
    rare_amulet
    magic_jewel
    magic_grand_charm
    set_mavinas_belt
    rare_ring
    magic_grand_charm
    set_mavinas_gauntlets
    magic_jewel
    uniq_misc_amulets
    rare_amulet
    magic_jewel
    rare_ring
    rare_ring
    rare_ring
    rare_jewel