
Session length: 00:57:14
Games: 25
Avg Game Length: 00:02:30
╭──────┬───┬───┬───┬────┬────╮
│ Run  │ I │ C │ D │ MD │ F  │
├──────┼───┼───┼───┼────┼────┤
│ Eld  │ 0 │ 0 │ 0 │ 0  │ 0  │
├──────┼───┼───┼───┼────┼────┤
│ Shk  │ 4 │ 0 │ 0 │ 0  │ 0  │
├──────┼───┼───┼───┼────┼────┤
│ Nihl │ 0 │ 0 │ 0 │ 0  │ 11 │
├──────┼───┼───┼───┼────┼────┤
│  T   │ 4 │ 0 │ 0 │ 0  │ 11 │
╰──────┴───┴───┴───┴────┴────╯

Items:
  Eld:
  Shk:
    magic_small_charm
    magic_small_charm
    magic_small_charm
    uniq_misc_rings
  Nihl: