
Session length: 01:53:32
Games: 50
Avg Game Length: 00:02:30
╭──────┬───┬───┬───┬────┬────╮
│ Run  │ I │ C │ D │ MD │ F  │
├──────┼───┼───┼───┼────┼────┤
│ Eld  │ 0 │ 0 │ 0 │ 0  │ 0  │
├──────┼───┼───┼───┼────┼────┤
│ Shk  │ 4 │ 0 │ 0 │ 0  │ 1  │
├──────┼───┼───┼───┼────┼────┤
│ Nihl │ 5 │ 1 │ 0 │ 1  │ 25 │
├──────┼───┼───┼───┼────┼────┤
│  T   │ 9 │ 1 │ 0 │ 1  │ 26 │
╰──────┴───┴───┴───┴────┴────╯

Items:
  Eld:
  Shk:
    uniq_offhand_homunculus
    uniq_weapon_eschuta_temper
    magic_small_charm
    rare_jewel
  Nihl:
    uniq_weapon_warshrike
    uniq_hotspur
    uniq_misc_rings
    magic_small_charm
    rare_jewel