
Session length: 05:33:41
Games: 434
Avg Game Length: 00:00:46
╭────────┬───────┬─────────┬───────┬────────────┬─────────────╮
│  Run   │ Items │ Chicken │ Death │ Merc Death │ Failed Runs │
├────────┼───────┼─────────┼───────┼────────────┼─────────────┤
│ Pindle │  23   │    0    │   0   │     0      │      0      │
├────────┼───────┼─────────┼───────┼────────────┼─────────────┤
│ Total  │  23   │    0    │   0   │     0      │      0      │
╰────────┴───────┴─────────┴───────┴────────────┴─────────────╯

Items:
  Pindle:
    rare_tiara
    rare_jewel
    set_trang_oul_helm
    magic_small_charm
    magic_small_charm
    set_misc_amulets
    uniq_bartucs_talons
    magic_small_charm
    rare_circlet
    uniq_misc_rings
    set_misc_amulets
    uniq_gloves_steelrend
    magic_small_charm
    uniq_helm_vampire_gaze
    rare_circlet
    uniq_bartucs_talons
    magic_small_charm
    magic_small_charm
    rare_circlet
    set_immortal_king_soul_cage
    uniq_armor_iron_pelt
    gray_superior_flail
    rare_circlet