
Session length: 24:02:33
Games: 952
Avg Game Length: 00:01:30
╭──────┬────┬────┬────┬────┬───╮
│ Run  │ I  │ C  │ D  │ MD │ F │
├──────┼────┼────┼────┼────┼───┤
│ Trav │ 45 │ 27 │ 17 │ 0  │ 7 │
├──────┼────┼────┼────┼────┼───┤
│  T   │ 45 │ 27 │ 17 │ 0  │ 7 │
╰──────┴────┴────┴────┴────┴───╯

Items:
  Trav:
    uniq_misc_amulets
    rune_21_pul
    uniq_misc_rings
    uniq_misc_rings
    rare_jewel
    rare_jewel
    uniq_misc_rainbow_facet
    rare_jewel
    rare_jewel
    uniq_misc_rainbow_facet
    rare_jewel
    uniq_misc_rings
    uniq_hotspur
    rare_jewel
    rare_jewel
    rare_jewel
    rare_jewel
    rare_jewel
    rare_jewel
    uniq_misc_rainbow_facet
    rare_jewel
    rare_jewel
    rare_jewel
    rare_jewel
    rare_jewel
    uniq_hotspur
    rare_jewel
    uniq_misc_rings
    uniq_misc_amulets
    uniq_weapon_the_reaper_toll
    rare_jewel
    uniq_misc_rings
    rune_21_pul
    rare_jewel
    rare_jewel
    rare_jewel
    uniq_arkaines_valor
    rune_31_jah
    uniq_misc_amulets
    uniq_helm_harlequin_crest
    uniq_hotspur
    rune_23_mal
    rare_jewel
    uniq_misc_rings
    rare_jewel