
Session length: 12:44:06
Games: 523
Avg Game Length: 00:01:27
╭──────┬────┬───┬───┬────┬────╮
│ Run  │ I  │ C │ D │ MD │ F  │
├──────┼────┼───┼───┼────┼────┤
│ Trav │ 19 │ 9 │ 7 │ 0  │ 11 │
├──────┼────┼───┼───┼────┼────┤
│  T   │ 19 │ 9 │ 7 │ 0  │ 11 │
╰──────┴────┴───┴───┴────┴────╯

Items:
  Trav:
    rare_jewel
    set_tal_rasha_lidless_eye
    uniq_hotspur
    uniq_misc_amulets
    rune_22_um
    uniq_misc_amulets
    rune_23_mal
    rare_jewel
    rare_jewel
    uniq_misc_rings
    uniq_misc_rainbow_facet
    uniq_misc_rings
    rune_25_gul
    uniq_misc_rings
    rare_jewel
    uniq_misc_rings
    uniq_hotspur
    uniq_misc_rings
    rare_jewel