
Session length: 12:01:20
Games: 523
Avg Game Length: 00:01:22
╭──────┬────┬───┬────┬────┬───╮
│ Run  │ I  │ C │ D  │ MD │ F │
├──────┼────┼───┼────┼────┼───┤
│ Trav │ 15 │ 9 │ 11 │ 0  │ 3 │
├──────┼────┼───┼────┼────┼───┤
│  T   │ 15 │ 9 │ 11 │ 0  │ 3 │
╰──────┴────┴───┴────┴────┴───╯

Items:
  Trav:
    uniq_misc_amulets
    rare_jewel
    uniq_misc_rings
    uniq_armor_spirit_forge
    rune_22_um
    uniq_hotspur
    rare_jewel
    rare_jewel
    rare_jewel
    rare_jewel
    uniq_misc_rings
    rare_jewel
    rare_jewel
    uniq_helm_kira_guardian
    rare_jewel