
Session length: 11:31:07
Games: 464
Avg Game Length: 00:01:29
╭──────┬────┬───┬───┬────┬───╮
│ Run  │ I  │ C │ D │ MD │ F │
├──────┼────┼───┼───┼────┼───┤
│ Trav │ 25 │ 5 │ 6 │ 0  │ 3 │
├──────┼────┼───┼───┼────┼───┤
│  T   │ 25 │ 5 │ 6 │ 0  │ 3 │
╰──────┴────┴───┴───┴────┴───╯

Items:
  Trav:
    uniq_misc_rings
    rune_22_um
    rare_jewel
    uniq_misc_rings
    rare_jewel
    set_tal_rasha_lidless_eye
    set_tal_rasha_lidless_eye
    rare_jewel
    rare_jewel
    rare_jewel
    rare_jewel
    rune_27_ohm
    rare_jewel
    rare_jewel
    uniq_helm_cerebus_bite
    rare_jewel
    rare_jewel
    set_tal_rasha_lidless_eye
    uniq_misc_rainbow_facet
    rare_jewel
    rune_21_pul
    rune_24_ist
    rare_jewel
    uniq_misc_amulets
    rare_jewel