
Session length: 10:00:39
Games: 80
Avg Game Length: 00:08:30
╭─────┬────┬───┬───┬────┬────╮
│ Run │ I  │ C │ D │ MD │ F  │
├─────┼────┼───┼───┼────┼────┤
│ Dia │ 32 │ 1 │ 0 │ 3  │ 16 │
├─────┼────┼───┼───┼────┼────┤
│  T  │ 32 │ 1 │ 0 │ 3  │ 16 │
╰─────┴────┴───┴───┴────┴────╯

Items:
  Dia:
    rune_11_amn
    rune_10_thul
    rare_ring
    rune_7_tal
    rune_9_ort
    uniq_hotspur
    set_hsarus_belt
    rune_9_ort
    uniq_hotspur
    uniq_rune_master
    rune_7_tal
    uniq_hotspur
    uniq_weapon_spire_of_honor
    uniq_weapon_felloak
    uniq_helm_harlequin_crest
    uniq_hotspur
    uniq_weapon_titan_revenge
    rune_9_ort
    set_hsarus_belt
    rune_10_thul
    rune_9_ort
    uniq_belt_arachnid_mesh
    set_ondals_almighty
    rare_ring
    rune_10_thul
    uniq_offhand_medusas_gaze
    rune_11_amn
    rune_9_ort
    rare_ring
    rune_10_thul
    rare_ring
    rune_9_ort