
Session length: 11:32:16
Games: 87
Avg Game Length: 00:08:39
╭─────┬────┬───┬───┬────┬────╮
│ Run │ I  │ C │ D │ MD │ F  │
├─────┼────┼───┼───┼────┼────┤
│ Dia │ 29 │ 0 │ 0 │ 6  │ 14 │
├─────┼────┼───┼───┼────┼────┤
│  T  │ 29 │ 0 │ 0 │ 6  │ 14 │
╰─────┴────┴───┴───┴────┴────╯

Items:
  Dia:
    rune_11_amn
    rare_ring
    rune_9_ort
    rune_9_ort
    uniq_weapon_felloak
    rune_11_amn
    rare_ring
    rune_11_amn
    rare_ring
    rune_10_thul
    set_sanders_helm
    set_misc_amulets
    uniq_weapon_knellstriker
    rare_ring
    rare_ring
    rune_9_ort
    rune_11_amn
    rare_ring
    rare_ring
    rare_ring
    uniq_misc_amulets
    uniq_hotspur
    rune_15_hel
    set_misc_amulets
    rune_7_tal
    rare_ring
    rune_10_thul
    rune_25_gul
    uniq_weapon_knellstriker