
Session length: 02:39:41
Games: 22
Avg Game Length: 00:08:27
╭─────┬────┬───┬───┬────┬───╮
│ Run │ I  │ C │ D │ MD │ F │
├─────┼────┼───┼───┼────┼───┤
│ Dia │ 17 │ 0 │ 0 │ 0  │ 6 │
├─────┼────┼───┼───┼────┼───┤
│  T  │ 17 │ 0 │ 0 │ 0  │ 6 │
╰─────┴────┴───┴───┴────┴───╯

Items:
  Dia:
    set_hsarus_belt
    rune_7_tal
    rare_ring
    rare_ring
    rune_11_amn
    uniq_hotspur
    rune_7_tal
    uniq_weapon_eaglehorn
    rune_11_amn
    set_hsarus_belt
    rune_10_thul
    rune_10_thul
    set_hsarus_belt
    uniq_weapon_the_reaper_toll
    uniq_weapon_knellstriker
    rune_10_thul
    rune_11_amn