
Session length: 12:00:27
Games: 92
Avg Game Length: 00:08:38
╭─────┬────┬───┬───┬────┬────╮
│ Run │ I  │ C │ D │ MD │ F  │
├─────┼────┼───┼───┼────┼────┤
│ Dia │ 39 │ 0 │ 0 │ 5  │ 17 │
├─────┼────┼───┼───┼────┼────┤
│  T  │ 39 │ 0 │ 0 │ 5  │ 17 │
╰─────┴────┴───┴───┴────┴────╯

Items:
  Dia:
    uniq_torch_of_iro
    rare_ring
    rune_11_amn
    rare_ring
    rune_7_tal
    rune_9_ort
    set_sanders_helm
    rune_9_ort
    set_hsarus_belt
    set_hsarus_belt
    uniq_torch_of_iro
    set_hsarus_belt
    set_cow_king_boots
    rune_9_ort
    set_cow_king_boots
    rune_9_ort
    rune_7_tal
    uniq_misc_rings
    rune_7_tal
    rare_ring
    set_hsarus_belt
    rune_9_ort
    set_hsarus_belt
    uniq_weapon_dragon_chang
    rune_11_amn
    rune_11_amn
    uniq_hotspur
    rare_ring
    uniq_lenymo
    uniq_offhand_gerkes_sanctuary
    uniq_misc_rainbow_facet
    set_misc_amulets
    rare_ring
    uniq_weapon_skull_collector
    set_offhand_cleglawsclaw
    set_sazabi_armor
    set_hsarus_belt
    uniq_weapon_dragon_chang
    rare_ring